<?xml version="1.0" encoding="utf-8"?><testsuites name="pytest tests"><testsuite name="pytest" errors="0" failures="0" skipped="0" tests="32" time="4.058" timestamp="2026-09-19T16:02:59.830870+00:00" hostname="agent-env-0624bff4-b80e-4adc-ba42-3a8e6aa97eb4"><testcase classname="backend.tests.backend_test" name="test_health" time="0.322" /><testcase classname="backend.tests.backend_test" name="test_public_items_no_leak" time="0.067" /><testcase classname="backend.tests.backend_test" name="test_public_summary_no_leak" time="0.071" /><testcase classname="backend.tests.backend_test" name="test_me_no_token" time="0.062" /><testcase classname="backend.tests.backend_test" name="test_me_admin" time="0.071" /><testcase classname="backend.tests.backend_test" name="test_me_petugas" time="0.073" /><testcase classname="backend.tests.backend_test" name="test_me_pending" time="0.064" /><testcase classname="backend.tests.backend_test" name="test_rbac_pending_forbidden[/items]" time="0.068" /><testcase classname="backend.tests.backend_test" name="test_rbac_pending_forbidden[/dashboard/stock]" time="0.072" /><testcase classname="backend.tests.backend_test" name="test_rbac_pending_forbidden[/transactions]" time="0.072" /><testcase classname="backend.tests.backend_test" name="test_rbac_petugas_cannot_list_users" time="0.063" /><testcase classname="backend.tests.backend_test" name="test_rbac_petugas_cannot_patch_item" time="0.132" /><testcase classname="backend.tests.backend_test" name="test_rbac_admin_can_list_items" time="0.070" /><testcase classname="backend.tests.backend_test" name="test_stock_in_increases" time="0.369" /><testcase classname="backend.tests.backend_test" name="test_stock_out_valid_and_over" time="0.270" /><testcase classname="backend.tests.backend_test" name="test_adjust_short_reason_422" time="0.069" /><testcase classname="backend.tests.backend_test" name="test_adjust_valid" time="0.144" /><testcase classname="backend.tests.backend_test" name="test_list_transactions_filters" time="0.148" /><testcase classname="backend.tests.backend_test" name="test_dashboard_stock" time="0.076" /><testcase classname="backend.tests.backend_test" name="test_dashboard_distribution" time="0.079" /><testcase classname="backend.tests.backend_test" name="test_dashboard_distribution_invalid_range" time="0.060" /><testcase classname="backend.tests.backend_test" name="test_exports_valid_xlsx[/export/stock]" time="0.088" /><testcase classname="backend.tests.backend_test" name="test_exports_valid_xlsx[/export/distribution]" time="0.083" /><testcase classname="backend.tests.backend_test" name="test_exports_valid_xlsx[/export/transactions]" time="0.076" /><testcase classname="backend.tests.backend_test" name="test_exports_valid_xlsx[/excel/template]" time="0.078" /><testcase classname="backend.tests.backend_test" name="test_excel_import_flow" time="0.161" /><testcase classname="backend.tests.backend_test" name="test_excel_import_bad_extension" time="0.065" /><testcase classname="backend.tests.backend_test" name="test_users_list_admin" time="0.067" /><testcase classname="backend.tests.backend_test" name="test_users_role_toggle_and_reset" time="0.203" /><testcase classname="backend.tests.backend_test" name="test_users_invalid_role" time="0.065" /><testcase classname="backend.tests.backend_test" name="test_users_cannot_demote_self" time="0.126" /><testcase classname="backend.tests.backend_test" name="test_patch_item_min_threshold" time="0.186" /></testsuite></testsuites>