<?xml version="1.0" encoding="utf-8"?><testsuites name="pytest tests"><testsuite name="pytest" errors="0" failures="0" skipped="0" tests="7" time="8.519" timestamp="2026-09-19T20:22:03.567995+00:00" hostname="agent-env-23774d14-a5cd-4614-8533-b4cb8efb0a0c"><testcase classname="backend.tests.test_public_users_capacity_regression" name="test_public_items_allowlist_exact_fields" time="0.168" /><testcase classname="backend.tests.test_public_users_capacity_regression" name="test_public_summary_allowlist_and_no_stock_signals" time="0.149" /><testcase classname="backend.tests.test_public_users_capacity_regression" name="test_private_items_protected_and_still_contains_status_stock" time="0.613" /><testcase classname="backend.tests.test_public_users_capacity_regression" name="test_capacity_and_rbac_for_users_endpoints" time="1.128" /><testcase classname="backend.tests.test_public_users_capacity_regression" name="test_create_roles_and_login_and_duplicate_case_insensitive" time="1.764" /><testcase classname="backend.tests.test_public_users_capacity_regression" name="test_capacity_full_limit_and_inactive_still_counted" time="2.759" /><testcase classname="backend.tests.test_public_users_capacity_regression" name="test_concurrent_create_with_one_remaining_slot_exactly_one_success" time="1.793" /></testsuite></testsuites>