<?xml version="1.0" encoding="utf-8"?><testsuites name="pytest tests"><testsuite name="pytest" errors="0" failures="1" skipped="0" tests="8" time="7.315" timestamp="2026-09-19T20:11:02.613445+00:00" hostname="agent-env-23774d14-a5cd-4614-8533-b4cb8efb0a0c"><testcase classname="backend.tests.test_login_priority_regression" name="test_admin_hash_seed_and_env_hash_is_bcrypt_2b" time="0.005" /><testcase classname="backend.tests.test_login_priority_regression" name="test_admin_login_success_me_persist_and_alias" time="0.871" /><testcase classname="backend.tests.test_login_priority_regression" name="test_login_wrong_password_generic_401_and_no_secrets" time="0.297" /><testcase classname="backend.tests.test_login_priority_regression" name="test_missing_cookie_denied_and_logout_replay_denied" time="0.718" /><testcase classname="backend.tests.test_login_priority_regression" name="test_explicit_origins_allowed_no_wildcard_unknown_denied_and_internal_asgi_rejects_foreign_origin" time="0.526" /><testcase classname="backend.tests.test_login_priority_regression" name="test_lockout_after_five_failures_for_nonexistent_user_does_not_lock_admin" time="1.792"><failure message="assert 401 == 429&#10; +  where 401 = &lt;Response [401]&gt;.status_code">backend/tests/test_login_priority_regression.py:174: in test_lockout_after_five_failures_for_nonexistent_user_does_not_lock_admin
    assert sixth.status_code == 429
E   assert 401 == 429
E    +  where 401 = &lt;Response [401]&gt;.status_code</failure></testcase><testcase classname="backend.tests.test_login_priority_regression" name="test_post_login_regression_dashboard_and_users_not_reset" time="0.514" /><testcase classname="backend.tests.test_login_priority_regression" name="test_management_groundwork_item_user_role_reset_password_flows" time="2.207" /></testsuite></testsuites>