<?xml version="1.0" encoding="utf-8"?><testsuites name="pytest tests"><testsuite name="pytest" errors="0" failures="0" skipped="0" tests="43" time="6.110" timestamp="2026-09-19T16:35:40.905605+00:00" hostname="agent-env-0624bff4-b80e-4adc-ba42-3a8e6aa97eb4"><testcase classname="backend.tests.backend_test" name="test_health" time="0.163" /><testcase classname="backend.tests.backend_test" name="test_public_items_no_leak" time="0.075" /><testcase classname="backend.tests.backend_test" name="test_public_summary_no_leak" time="0.064" /><testcase classname="backend.tests.backend_test" name="test_me_no_token" time="0.071" /><testcase classname="backend.tests.backend_test" name="test_me_admin" time="0.067" /><testcase classname="backend.tests.backend_test" name="test_me_petugas" time="0.068" /><testcase classname="backend.tests.backend_test" name="test_me_pending" time="0.138" /><testcase classname="backend.tests.backend_test" name="test_rbac_pending_forbidden[/items]" time="0.081" /><testcase classname="backend.tests.backend_test" name="test_rbac_pending_forbidden[/dashboard/stock]" time="0.103" /><testcase classname="backend.tests.backend_test" name="test_rbac_pending_forbidden[/transactions]" time="0.070" /><testcase classname="backend.tests.backend_test" name="test_rbac_petugas_cannot_list_users" time="0.075" /><testcase classname="backend.tests.backend_test" name="test_rbac_petugas_cannot_patch_item" time="0.159" /><testcase classname="backend.tests.backend_test" name="test_rbac_admin_can_list_items" time="0.087" /><testcase classname="backend.tests.backend_test" name="test_stock_in_increases" time="0.380" /><testcase classname="backend.tests.backend_test" name="test_stock_out_valid_and_over" time="0.401" /><testcase classname="backend.tests.backend_test" name="test_adjust_short_reason_422" time="0.071" /><testcase classname="backend.tests.backend_test" name="test_adjust_valid" time="0.157" /><testcase classname="backend.tests.backend_test" name="test_list_transactions_filters" time="0.149" /><testcase classname="backend.tests.backend_test" name="test_dashboard_stock" time="0.094" /><testcase classname="backend.tests.backend_test" name="test_dashboard_distribution" time="0.090" /><testcase classname="backend.tests.backend_test" name="test_dashboard_distribution_invalid_range" time="0.069" /><testcase classname="backend.tests.backend_test" name="test_exports_valid_xlsx[/export/stock]" time="0.087" /><testcase classname="backend.tests.backend_test" name="test_exports_valid_xlsx[/export/distribution]" time="0.078" /><testcase classname="backend.tests.backend_test" name="test_exports_valid_xlsx[/export/transactions]" time="0.097" /><testcase classname="backend.tests.backend_test" name="test_exports_valid_xlsx[/excel/template]" time="0.100" /><testcase classname="backend.tests.backend_test" name="test_excel_import_flow" time="0.242" /><testcase classname="backend.tests.backend_test" name="test_excel_import_bad_extension" time="0.074" /><testcase classname="backend.tests.backend_test" name="test_users_list_admin" time="0.084" /><testcase classname="backend.tests.backend_test" name="test_users_role_toggle_and_reset" time="0.249" /><testcase classname="backend.tests.backend_test" name="test_users_invalid_role" time="0.090" /><testcase classname="backend.tests.backend_test" name="test_users_cannot_demote_self" time="0.139" /><testcase classname="backend.tests.backend_test" name="test_patch_item_min_threshold" time="0.231" /><testcase classname="backend.tests.backend_test" name="test_items_year_2026_default" time="0.074" /><testcase classname="backend.tests.backend_test" name="test_items_year_2027_plan_view" time="0.077" /><testcase classname="backend.tests.backend_test" name="test_dashboard_stock_year_2026" time="0.075" /><testcase classname="backend.tests.backend_test" name="test_dashboard_stock_year_2027" time="0.076" /><testcase classname="backend.tests.backend_test" name="test_item_history_chart" time="0.074" /><testcase classname="backend.tests.backend_test" name="test_item_history_chart_404" time="0.080" /><testcase classname="backend.tests.backend_test" name="test_pdf_exports[/export/stock/pdf]" time="0.297" /><testcase classname="backend.tests.backend_test" name="test_pdf_exports[/export/distribution/pdf?start=2025-01-01&amp;end=2026-12-31]" time="0.375" /><testcase classname="backend.tests.backend_test" name="test_pdf_exports[/export/transactions/pdf?start=2025-01-01&amp;end=2026-12-31]" time="0.329" /><testcase classname="backend.tests.backend_test" name="test_pdf_export_pending_forbidden" time="0.115" /><testcase classname="backend.tests.backend_test" name="test_cors_preflight_no_wildcard_with_credentials" time="0.083" /></testsuite></testsuites>