<?xml version="1.0" encoding="utf-8"?><testsuites name="pytest tests"><testsuite name="pytest" errors="0" failures="0" skipped="0" tests="8" time="11.829" timestamp="2026-09-19T20:49:34.821113+00:00" hostname="agent-env-23774d14-a5cd-4614-8533-b4cb8efb0a0c"><testcase classname="backend.tests.test_cancellation_admin_public_distribution_regression" name="test_cancel_requires_admin_reason_and_active_only" time="2.033" /><testcase classname="backend.tests.test_cancellation_admin_public_distribution_regression" name="test_cancel_inverse_logic_and_negative_guard" time="1.434" /><testcase classname="backend.tests.test_cancellation_admin_public_distribution_regression" name="test_cancel_exactly_once_sequential_and_concurrent_same_tx" time="1.467" /><testcase classname="backend.tests.test_cancellation_admin_public_distribution_regression" name="test_concurrent_distinct_cancellations_do_not_make_negative" time="0.617" /><testcase classname="backend.tests.test_cancellation_admin_public_distribution_regression" name="test_admin_audit_and_transactions_status_access" time="2.006" /><testcase classname="backend.tests.test_cancellation_admin_public_distribution_regression" name="test_all_admins_can_cancel_and_delete_with_protections" time="2.154" /><testcase classname="backend.tests.test_cancellation_admin_public_distribution_regression" name="test_item_delete_zero_stock_and_public_private_visibility" time="0.532" /><testcase classname="backend.tests.test_cancellation_admin_public_distribution_regression" name="test_public_distribution_allowlist_cancelled_exclusion_and_validation" time="1.366" /></testsuite></testsuites>