<?xml version="1.0" encoding="utf-8"?><testsuites name="pytest tests"><testsuite name="pytest" errors="0" failures="0" skipped="0" tests="4" time="2.610" timestamp="2026-09-19T20:26:07.791884+00:00" hostname="agent-env-23774d14-a5cd-4614-8533-b4cb8efb0a0c"><testcase classname="backend.tests.test_admin_auth_public_regression" name="test_admin_login_success_sets_secure_cookie_and_no_store" time="0.367" /><testcase classname="backend.tests.test_admin_auth_public_regression" name="test_allowed_origin_preflight_has_explicit_origin_and_credentials" time="0.125" /><testcase classname="backend.tests.test_admin_auth_public_regression" name="test_nonexistent_user_throttle_after_five_failures" time="1.588" /><testcase classname="backend.tests.test_admin_auth_public_regression" name="test_seed_local_admin_idempotent_no_user_or_item_reset" time="0.014" /></testsuite></testsuites>