<?xml version="1.0" encoding="utf-8"?><testsuites name="pytest tests"><testsuite name="pytest" errors="0" failures="0" skipped="0" tests="8" time="7.338" timestamp="2026-09-19T20:12:26.067620+00:00" hostname="agent-env-23774d14-a5cd-4614-8533-b4cb8efb0a0c"><testcase classname="tests.test_login_priority_regression" name="test_admin_hash_seed_and_env_hash_is_bcrypt_2b" time="0.005" /><testcase classname="tests.test_login_priority_regression" name="test_admin_login_success_me_persist_and_alias" time="0.918" /><testcase classname="tests.test_login_priority_regression" name="test_login_wrong_password_generic_401_and_no_secrets" time="0.322" /><testcase classname="tests.test_login_priority_regression" name="test_missing_cookie_denied_and_logout_replay_denied" time="0.744" /><testcase classname="tests.test_login_priority_regression" name="test_explicit_origins_allowed_no_wildcard_unknown_denied_and_internal_asgi_rejects_foreign_origin" time="0.498" /><testcase classname="tests.test_login_priority_regression" name="test_lockout_after_five_failures_for_nonexistent_user_does_not_lock_admin" time="1.852" /><testcase classname="tests.test_login_priority_regression" name="test_post_login_regression_dashboard_and_users_not_reset" time="0.503" /><testcase classname="tests.test_login_priority_regression" name="test_management_groundwork_item_user_role_reset_password_flows" time="2.154" /></testsuite></testsuites>