<?xml version="1.0" encoding="utf-8"?><testsuites name="pytest tests"><testsuite name="pytest" errors="0" failures="0" skipped="0" tests="19" time="9.080" timestamp="2026-09-19T20:53:32.051931+00:00" hostname="agent-env-23774d14-a5cd-4614-8533-b4cb8efb0a0c"><testcase classname="backend.tests.test_admin_auth_public_regression" name="test_admin_login_success_sets_secure_cookie_and_no_store" time="0.454" /><testcase classname="backend.tests.test_admin_auth_public_regression" name="test_auth_me_with_cookie_and_no_store" time="0.354" /><testcase classname="backend.tests.test_admin_auth_public_regression" name="test_admin_login_wrong_credentials_and_blank_validation" time="0.350" /><testcase classname="backend.tests.test_admin_auth_public_regression" name="test_unauthorized_internal_endpoints_return_401" time="0.192" /><testcase classname="backend.tests.test_admin_auth_public_regression" name="test_foreign_origin_post_rejected_403" time="0.129" /><testcase classname="backend.tests.test_admin_auth_public_regression" name="test_allowed_origin_preflight_has_explicit_origin_and_credentials" time="0.132" /><testcase classname="backend.tests.test_admin_auth_public_regression" name="test_nonexistent_user_throttle_after_five_failures" time="1.562" /><testcase classname="backend.tests.test_admin_auth_public_regression" name="test_local_password_session_stored_as_sha256_hash" time="0.348" /><testcase classname="backend.tests.test_admin_auth_public_regression" name="test_logout_clears_session_and_replay_is_rejected" time="0.485" /><testcase classname="backend.tests.test_admin_auth_public_regression" name="test_public_endpoints_do_not_leak_internal_stock_fields" time="0.235" /><testcase classname="backend.tests.test_admin_auth_public_regression" name="test_dashboard_2026_2027_catalog_consistency_and_plan_rules" time="0.428" /><testcase classname="backend.tests.test_admin_auth_public_regression" name="test_users_and_patch_response_do_not_leak_hash_or_token" time="0.835" /><testcase classname="backend.tests.test_admin_auth_public_regression" name="test_self_demotion_and_self_deactivation_blocked" time="0.419" /><testcase classname="backend.tests.test_admin_auth_public_regression" name="test_pdf_exports_signature_and_content_smoke[/export/stock/pdf]" time="0.590" /><testcase classname="backend.tests.test_admin_auth_public_regression" name="test_pdf_exports_signature_and_content_smoke[/export/distribution/pdf?start=2026-01-01&amp;end=2026-12-31]" time="0.655" /><testcase classname="backend.tests.test_admin_auth_public_regression" name="test_pdf_exports_signature_and_content_smoke[/export/transactions/pdf?start=2026-01-01&amp;end=2026-12-31]" time="0.612" /><testcase classname="backend.tests.test_admin_auth_public_regression" name="test_pdf_anonymous_access_rejected" time="0.285" /><testcase classname="backend.tests.test_admin_auth_public_regression" name="test_excel_template_and_import_roundtrip_non_destructive" time="0.444" /><testcase classname="backend.tests.test_admin_auth_public_regression" name="test_seed_local_admin_idempotent_no_user_or_item_reset" time="0.011" /></testsuite></testsuites>