<?xml version="1.0" encoding="utf-8"?><testsuites name="pytest tests"><testsuite name="pytest" errors="0" failures="3" skipped="0" tests="19" time="9.793" timestamp="2026-09-19T16:47:42.085693+00:00" hostname="agent-env-0624bff4-b80e-4adc-ba42-3a8e6aa97eb4"><testcase classname="backend.tests.test_admin_auth_public_regression" name="test_admin_login_success_sets_secure_cookie_and_no_store" time="0.431" /><testcase classname="backend.tests.test_admin_auth_public_regression" name="test_auth_me_with_cookie_and_no_store" time="0.402" /><testcase classname="backend.tests.test_admin_auth_public_regression" name="test_admin_login_wrong_credentials_and_blank_validation" time="0.391" /><testcase classname="backend.tests.test_admin_auth_public_regression" name="test_unauthorized_internal_endpoints_return_401" time="0.197" /><testcase classname="backend.tests.test_admin_auth_public_regression" name="test_foreign_origin_post_rejected_403" time="0.141" /><testcase classname="backend.tests.test_admin_auth_public_regression" name="test_allowed_origin_preflight_has_explicit_origin_and_credentials" time="0.124"><failure message="AssertionError: assert 'https://0624...rgentcf.cloud' == 'https://0624...gentagent.com'&#10;  &#10;  - https://logistics-hub-1573.preview.emergentagent.com&#10;  ?                                                              ^^^^^   ^&#10;  + https://0624bff4-b80e-4adc-ba42-3a8e6aa97eb4.cluster-12.preview.emergentcf.cloud&#10;  ?                                              +++++++++++                ^^  + ^^">backend/tests/test_admin_auth_public_regression.py:136: in test_allowed_origin_preflight_has_explicit_origin_and_credentials
    assert r.headers.get("access-control-allow-origin") == origin
E   AssertionError: assert 'https://0624...rgentcf.cloud' == 'https://0624...gentagent.com'
E     
E     - https://logistics-hub-1573.preview.emergentagent.com
E     ?                                                              ^^^^^   ^
E     + https://0624bff4-b80e-4adc-ba42-3a8e6aa97eb4.cluster-12.preview.emergentcf.cloud
E     ?                                              +++++++++++                ^^  + ^^</failure></testcase><testcase classname="backend.tests.test_admin_auth_public_regression" name="test_nonexistent_user_throttle_after_five_failures" time="2.109"><failure message="assert 401 == 429&#10; +  where 401 = &lt;Response [401]&gt;.status_code">backend/tests/test_admin_auth_public_regression.py:152: in test_nonexistent_user_throttle_after_five_failures
    assert seventh.status_code == 429
E   assert 401 == 429
E    +  where 401 = &lt;Response [401]&gt;.status_code</failure></testcase><testcase classname="backend.tests.test_admin_auth_public_regression" name="test_local_password_session_stored_as_sha256_hash" time="0.379" /><testcase classname="backend.tests.test_admin_auth_public_regression" name="test_logout_clears_session_and_replay_is_rejected" time="0.521" /><testcase classname="backend.tests.test_admin_auth_public_regression" name="test_public_endpoints_do_not_leak_internal_stock_fields" time="0.232" /><testcase classname="backend.tests.test_admin_auth_public_regression" name="test_dashboard_2026_2027_catalog_consistency_and_plan_rules" time="0.459"><failure message="AssertionError: Plan overlap in both years for item-001&#10;assert not (750 &gt; 0 and 750 &gt; 0)">backend/tests/test_admin_auth_public_regression.py:239: in test_dashboard_2026_2027_catalog_consistency_and_plan_rules
    assert not (p26 &gt; 0 and p27 &gt; 0), f"Plan overlap in both years for {item_id}"
E   AssertionError: Plan overlap in both years for item-001
E   assert not (750 &gt; 0 and 750 &gt; 0)</failure></testcase><testcase classname="backend.tests.test_admin_auth_public_regression" name="test_users_and_patch_response_do_not_leak_hash_or_token" time="0.530" /><testcase classname="backend.tests.test_admin_auth_public_regression" name="test_self_demotion_and_self_deactivation_blocked" time="0.445" /><testcase classname="backend.tests.test_admin_auth_public_regression" name="test_pdf_exports_signature_and_content_smoke[/export/stock/pdf]" time="0.662" /><testcase classname="backend.tests.test_admin_auth_public_regression" name="test_pdf_exports_signature_and_content_smoke[/export/distribution/pdf?start=2026-01-01&amp;end=2026-12-31]" time="0.684" /><testcase classname="backend.tests.test_admin_auth_public_regression" name="test_pdf_exports_signature_and_content_smoke[/export/transactions/pdf?start=2026-01-01&amp;end=2026-12-31]" time="0.636" /><testcase classname="backend.tests.test_admin_auth_public_regression" name="test_pdf_anonymous_access_rejected" time="0.295" /><testcase classname="backend.tests.test_admin_auth_public_regression" name="test_excel_template_and_import_roundtrip_non_destructive" time="0.500" /><testcase classname="backend.tests.test_admin_auth_public_regression" name="test_seed_local_admin_idempotent_no_user_or_item_reset" time="0.011" /></testsuite></testsuites>